=== Starting pipeline at Sat Dec 13 21:18:15 UTC 2025 ===
Running script: 00_download_data.py
Downloading to /app/data/downloaded.zip ...
File downloaded successfully!
Running script: 01_data_preprocessing.py
ZIP extracted to: /app/extracted_zip
ERROR loading file.json: 'rating'
ERROR loading meta.json: 'str' object has no attribute 'get'
Base DF columns: Index(['text', 'rating'], dtype='object')
Consensus DF columns: Index(['text', 'rating'], dtype='object')
Base DF shape: (3737, 2)
Consensus DF shape: (2648, 2)
Number of rows filtered out from base_df because they exist in consensus: 615
Number of aggregated consensus texts (after averaging): 609
Consensus inference saved to: /app/data/inference.csv
Train/Val/Test split saved.
Running script: 02_train.py
[2025-12-13 21:18:28,171] INFO: ==== FULL DATASET TRAIN/VAL START ====
[2025-12-13 21:18:30,790] INFO: Using device: cuda
Alkalmazott jogi augmentáció...
Augmentáció kész!
[2025-12-13 21:18:30,921] INFO: Train size: 2434, Val size: 272
[2025-12-13 21:18:30,963] INFO: collecting all words and their counts
[2025-12-13 21:18:30,964] INFO: PROGRESS: at sentence #0, processed 0 words, keeping 0 word types
[2025-12-13 21:18:31,004] INFO: collected 23558 word types from a corpus of 123787 raw words and 2434 sentences
[2025-12-13 21:18:31,005] INFO: Creating a fresh vocabulary
[2025-12-13 21:18:31,170] INFO: Word2Vec lifecycle event {'msg': 'effective_min_count=1 retains 23558 unique words (100.00% of original 23558, drops 0)', 'datetime': '2025-12-13T21:18:31.167959', 'gensim': '4.4.0', 'python': '3.10.14 (main, Mar 21 2024, 16:24:04) [GCC 11.2.0]', 'platform': 'Linux-6.6.87.2-microsoft-standard-WSL2-x86_64-with-glibc2.35', 'event': 'prepare_vocab'}
[2025-12-13 21:18:31,171] INFO: Word2Vec lifecycle event {'msg': 'effective_min_count=1 leaves 123787 word corpus (100.00% of original 123787, drops 0)', 'datetime': '2025-12-13T21:18:31.171126', 'gensim': '4.4.0', 'python': '3.10.14 (main, Mar 21 2024, 16:24:04) [GCC 11.2.0]', 'platform': 'Linux-6.6.87.2-microsoft-standard-WSL2-x86_64-with-glibc2.35', 'event': 'prepare_vocab'}
[2025-12-13 21:18:31,418] INFO: deleting the raw counts dictionary of 23558 items
[2025-12-13 21:18:31,419] INFO: sample=0.001 downsamples 21 most-common words
[2025-12-13 21:18:31,420] INFO: Word2Vec lifecycle event {'msg': 'downsampling leaves estimated 102757.69519907018 word corpus (83.0%% of prior 123787)', 'datetime': '2025-12-13T21:18:31.420199', 'gensim': '4.4.0', 'python': '3.10.14 (main, Mar 21 2024, 16:24:04) [GCC 11.2.0]', 'platform': 'Linux-6.6.87.2-microsoft-standard-WSL2-x86_64-with-glibc2.35', 'event': 'prepare_vocab'}
[2025-12-13 21:18:31,794] INFO: estimated required memory for 23558 words and 64 dimensions: 23840696 bytes
[2025-12-13 21:18:31,795] INFO: resetting layer weights
[2025-12-13 21:18:31,819] INFO: Word2Vec lifecycle event {'update': False, 'trim_rule': 'None', 'datetime': '2025-12-13T21:18:31.819523', 'gensim': '4.4.0', 'python': '3.10.14 (main, Mar 21 2024, 16:24:04) [GCC 11.2.0]', 'platform': 'Linux-6.6.87.2-microsoft-standard-WSL2-x86_64-with-glibc2.35', 'event': 'build_vocab'}
[2025-12-13 21:18:31,819] INFO: Word2Vec lifecycle event {'msg': 'training model with 4 workers on 23558 vocabulary and 64 features, using sg=0 hs=0 sample=0.001 negative=5 window=5 shrink_windows=True', 'datetime': '2025-12-13T21:18:31.819957', 'gensim': '4.4.0', 'python': '3.10.14 (main, Mar 21 2024, 16:24:04) [GCC 11.2.0]', 'platform': 'Linux-6.6.87.2-microsoft-standard-WSL2-x86_64-with-glibc2.35', 'event': 'train'}
[2025-12-13 21:18:31,967] INFO: EPOCH 0: training on 123787 raw words (102843 effective words) took 0.1s, 739990 effective words/s
[2025-12-13 21:18:32,090] INFO: EPOCH 1: training on 123787 raw words (102604 effective words) took 0.1s, 876411 effective words/s
[2025-12-13 21:18:32,216] INFO: EPOCH 2: training on 123787 raw words (102769 effective words) took 0.1s, 861183 effective words/s
[2025-12-13 21:18:32,336] INFO: EPOCH 3: training on 123787 raw words (102911 effective words) took 0.1s, 910896 effective words/s
[2025-12-13 21:18:32,462] INFO: EPOCH 4: training on 123787 raw words (102701 effective words) took 0.1s, 859028 effective words/s
[2025-12-13 21:18:32,463] INFO: Word2Vec lifecycle event {'msg': 'training on 618935 raw words (513828 effective words) took 0.6s, 798873 effective words/s', 'datetime': '2025-12-13T21:18:32.463298', 'gensim': '4.4.0', 'python': '3.10.14 (main, Mar 21 2024, 16:24:04) [GCC 11.2.0]', 'platform': 'Linux-6.6.87.2-microsoft-standard-WSL2-x86_64-with-glibc2.35', 'event': 'train'}
[2025-12-13 21:18:32,463] INFO: Word2Vec lifecycle event {'params': 'Word2Vec<vocab=23558, vector_size=64, alpha=0.025>', 'datetime': '2025-12-13T21:18:32.463435', 'gensim': '4.4.0', 'python': '3.10.14 (main, Mar 21 2024, 16:24:04) [GCC 11.2.0]', 'platform': 'Linux-6.6.87.2-microsoft-standard-WSL2-x86_64-with-glibc2.35', 'event': 'created'}
[2025-12-13 21:18:32,463] INFO: Word2Vec trained. Vocab size: 23558 Embedding dim: 64
[2025-12-13 21:18:32,620] INFO: ==== CONFIG & HYPERPARAMETERS START ====
[2025-12-13 21:18:32,620] INFO: AUGMENTATION        : True
[2025-12-13 21:18:32,620] INFO: AUG_PROB            : 0.15
[2025-12-13 21:18:32,620] INFO: BATCH_SIZE          : 32
[2025-12-13 21:18:32,620] INFO: BIDIRECTIONAL       : True
[2025-12-13 21:18:32,620] INFO: DATA_DIR            : /app/data
[2025-12-13 21:18:32,620] INFO: EARLY_STOP_PATIENCE : 20
[2025-12-13 21:18:32,621] INFO: FC_DROPOUT          : 0.216
[2025-12-13 21:18:32,621] INFO: LEARNING_RATE       : 0.000163
[2025-12-13 21:18:32,621] INFO: LOG_FILE            : /app/logs/run.log
[2025-12-13 21:18:32,621] INFO: LSTM_DROPOUT        : 0.096
[2025-12-13 21:18:32,621] INFO: LSTM_HIDDEN_DIM     : 32
[2025-12-13 21:18:32,621] INFO: MODEL_NAME          : LSTM
[2025-12-13 21:18:32,621] INFO: MODEL_PATH          : /app/data/lstm_model.pth
[2025-12-13 21:18:32,621] INFO: NUM_CLASSES         : 5
[2025-12-13 21:18:32,621] INFO: NUM_EPOCHS          : 1000
[2025-12-13 21:18:32,622] INFO: NUM_LSTM_LAYERS     : 3
[2025-12-13 21:18:32,622] INFO: SEQ_LEN             : 300
[2025-12-13 21:18:32,622] INFO: W2V_PATH            : /app/data/w2v.model
[2025-12-13 21:18:32,622] INFO: WEIGHT_DECAY        : 0.0001
[2025-12-13 21:18:32,622] INFO: WORD2_VEC_MIN_COUNT : 1
[2025-12-13 21:18:32,622] INFO: WORD2_VEC_VECTOR_SIZE: 64
[2025-12-13 21:18:32,622] INFO: ==== CONFIG & HYPERPARAMETERS END ====
[2025-12-13 21:18:39,165] INFO: ==== MODEL SUMMARY START ====
[2025-12-13 21:18:39,165] INFO: Model architecture:
[2025-12-13 21:18:39,165] INFO: MultiLayerLSTM(
  (emb): Embedding(23559, 64, padding_idx=0)
  (lstm): LSTM(64, 32, num_layers=3, batch_first=True, dropout=0.096, bidirectional=True)
  (attention): Linear(in_features=64, out_features=1, bias=True)
  (dropout): Dropout(p=0.216, inplace=False)
  (fc): Linear(in_features=64, out_features=5, bias=True)
)
[2025-12-13 21:18:39,166] INFO: Total parameters      : 1,583,430
[2025-12-13 21:18:39,167] INFO: Trainable parameters  : 1,583,430
[2025-12-13 21:18:39,167] INFO: Frozen parameters     : 0
[2025-12-13 21:18:39,167] INFO: Embedding parameters  : 1,507,776
[2025-12-13 21:18:39,170] INFO: ==== MODEL SUMMARY END ====
[2025-12-13 21:18:42,336] INFO: Epoch 1/1000 | Train Loss: 1.5686 | Train Acc: 32.37% | Val Loss: 1.5078 | Val Acc: 32.35%
[2025-12-13 21:18:42,370] INFO: Validation loss improved. Model saved to /app/data/lstm_model.pth
[2025-12-13 21:18:43,468] INFO: Epoch 2/1000 | Train Loss: 1.4552 | Train Acc: 32.74% | Val Loss: 1.4064 | Val Acc: 32.72%
[2025-12-13 21:18:43,492] INFO: Validation loss improved. Model saved to /app/data/lstm_model.pth
[2025-12-13 21:18:44,599] INFO: Epoch 3/1000 | Train Loss: 1.3575 | Train Acc: 38.41% | Val Loss: 1.3508 | Val Acc: 37.87%
[2025-12-13 21:18:44,625] INFO: Validation loss improved. Model saved to /app/data/lstm_model.pth
[2025-12-13 21:18:45,724] INFO: Epoch 4/1000 | Train Loss: 1.3002 | Train Acc: 42.97% | Val Loss: 1.3469 | Val Acc: 38.97%
[2025-12-13 21:18:45,747] INFO: Validation loss improved. Model saved to /app/data/lstm_model.pth
[2025-12-13 21:18:46,832] INFO: Epoch 5/1000 | Train Loss: 1.2847 | Train Acc: 44.49% | Val Loss: 1.3522 | Val Acc: 39.34%
[2025-12-13 21:18:46,833] INFO: No improvement in val loss for 1 epoch(s).
[2025-12-13 21:18:47,916] INFO: Epoch 6/1000 | Train Loss: 1.2808 | Train Acc: 43.30% | Val Loss: 1.3593 | Val Acc: 39.71%
[2025-12-13 21:18:47,917] INFO: No improvement in val loss for 2 epoch(s).
[2025-12-13 21:18:49,030] INFO: Epoch 7/1000 | Train Loss: 1.2802 | Train Acc: 45.07% | Val Loss: 1.3556 | Val Acc: 40.44%
[2025-12-13 21:18:49,031] INFO: No improvement in val loss for 3 epoch(s).
[2025-12-13 21:18:50,122] INFO: Epoch 8/1000 | Train Loss: 1.2779 | Train Acc: 44.12% | Val Loss: 1.3581 | Val Acc: 39.71%
[2025-12-13 21:18:50,122] INFO: No improvement in val loss for 4 epoch(s).
[2025-12-13 21:18:51,207] INFO: Epoch 9/1000 | Train Loss: 1.2784 | Train Acc: 43.51% | Val Loss: 1.3638 | Val Acc: 40.81%
[2025-12-13 21:18:51,208] INFO: No improvement in val loss for 5 epoch(s).
[2025-12-13 21:18:52,301] INFO: Epoch 10/1000 | Train Loss: 1.2744 | Train Acc: 44.21% | Val Loss: 1.3622 | Val Acc: 40.44%
[2025-12-13 21:18:52,302] INFO: No improvement in val loss for 6 epoch(s).
[2025-12-13 21:18:53,389] INFO: Epoch 11/1000 | Train Loss: 1.2691 | Train Acc: 45.19% | Val Loss: 1.3528 | Val Acc: 38.60%
[2025-12-13 21:18:53,389] INFO: No improvement in val loss for 7 epoch(s).
[2025-12-13 21:18:54,607] INFO: Epoch 12/1000 | Train Loss: 1.2679 | Train Acc: 45.52% | Val Loss: 1.3573 | Val Acc: 40.44%
[2025-12-13 21:18:54,607] INFO: No improvement in val loss for 8 epoch(s).
[2025-12-13 21:18:55,698] INFO: Epoch 13/1000 | Train Loss: 1.2526 | Train Acc: 45.15% | Val Loss: 1.3550 | Val Acc: 38.97%
[2025-12-13 21:18:55,698] INFO: No improvement in val loss for 9 epoch(s).
[2025-12-13 21:18:56,782] INFO: Epoch 14/1000 | Train Loss: 1.1769 | Train Acc: 49.63% | Val Loss: 1.3181 | Val Acc: 40.44%
[2025-12-13 21:18:56,805] INFO: Validation loss improved. Model saved to /app/data/lstm_model.pth
[2025-12-13 21:18:57,880] INFO: Epoch 15/1000 | Train Loss: 1.0033 | Train Acc: 59.24% | Val Loss: 1.3772 | Val Acc: 40.07%
[2025-12-13 21:18:57,880] INFO: No improvement in val loss for 10 epoch(s).
[2025-12-13 21:18:58,963] INFO: Epoch 16/1000 | Train Loss: 0.8642 | Train Acc: 67.67% | Val Loss: 1.4661 | Val Acc: 38.97%
[2025-12-13 21:18:58,964] INFO: No improvement in val loss for 11 epoch(s).
[2025-12-13 21:19:00,057] INFO: Epoch 17/1000 | Train Loss: 0.7505 | Train Acc: 72.97% | Val Loss: 1.6316 | Val Acc: 41.18%
[2025-12-13 21:19:00,058] INFO: No improvement in val loss for 12 epoch(s).
[2025-12-13 21:19:01,139] INFO: Epoch 18/1000 | Train Loss: 0.6161 | Train Acc: 80.12% | Val Loss: 1.7839 | Val Acc: 37.13%
[2025-12-13 21:19:01,139] INFO: No improvement in val loss for 13 epoch(s).
[2025-12-13 21:19:02,221] INFO: Epoch 19/1000 | Train Loss: 0.5390 | Train Acc: 83.11% | Val Loss: 1.8766 | Val Acc: 38.24%
[2025-12-13 21:19:02,221] INFO: No improvement in val loss for 14 epoch(s).
[2025-12-13 21:19:03,303] INFO: Epoch 20/1000 | Train Loss: 0.4629 | Train Acc: 86.40% | Val Loss: 2.0238 | Val Acc: 41.18%
[2025-12-13 21:19:03,303] INFO: No improvement in val loss for 15 epoch(s).
[2025-12-13 21:19:04,393] INFO: Epoch 21/1000 | Train Loss: 0.3892 | Train Acc: 89.36% | Val Loss: 2.1667 | Val Acc: 38.60%
[2025-12-13 21:19:04,393] INFO: No improvement in val loss for 16 epoch(s).
[2025-12-13 21:19:05,477] INFO: Epoch 22/1000 | Train Loss: 0.3481 | Train Acc: 90.59% | Val Loss: 2.2461 | Val Acc: 39.34%
[2025-12-13 21:19:05,477] INFO: No improvement in val loss for 17 epoch(s).
[2025-12-13 21:19:06,563] INFO: Epoch 23/1000 | Train Loss: 0.3277 | Train Acc: 90.26% | Val Loss: 2.4054 | Val Acc: 39.71%
[2025-12-13 21:19:06,564] INFO: No improvement in val loss for 18 epoch(s).
[2025-12-13 21:19:07,657] INFO: Epoch 24/1000 | Train Loss: 0.3313 | Train Acc: 90.22% | Val Loss: 2.2109 | Val Acc: 39.71%
[2025-12-13 21:19:07,657] INFO: No improvement in val loss for 19 epoch(s).
[2025-12-13 21:19:08,756] INFO: Epoch 25/1000 | Train Loss: 0.3211 | Train Acc: 90.10% | Val Loss: 2.3499 | Val Acc: 38.97%
[2025-12-13 21:19:08,756] INFO: No improvement in val loss for 20 epoch(s).
[2025-12-13 21:19:08,756] INFO: Early stopping triggered after 20 epochs with no improvement.
[2025-12-13 21:19:08,756] INFO: Word2Vec lifecycle event {'fname_or_handle': '/app/data/w2v.model', 'separately': 'None', 'sep_limit': 10485760, 'ignore': frozenset(), 'datetime': '2025-12-13T21:19:08.756677', 'gensim': '4.4.0', 'python': '3.10.14 (main, Mar 21 2024, 16:24:04) [GCC 11.2.0]', 'platform': 'Linux-6.6.87.2-microsoft-standard-WSL2-x86_64-with-glibc2.35', 'event': 'saving'}
[2025-12-13 21:19:08,757] INFO: not storing attribute cum_table
[2025-12-13 21:19:08,854] INFO: saved /app/data/w2v.model
[2025-12-13 21:19:08,854] INFO: Word2Vec model saved to /app/data/w2v.model
[2025-12-13 21:19:08,854] INFO: ==== FULL DATASET TRAIN/VAL END ====
Running script: 03_evaluation.py
[2025-12-13 21:19:14,626] INFO: ==== EVALUATION START ====
[2025-12-13 21:19:16,738] INFO: Using device: cuda
[2025-12-13 21:19:16,775] INFO: GPU: NVIDIA GeForce GTX 1050 Ti, CUDA capability: 6.1
[2025-12-13 21:19:16,788] INFO: Loaded test dataset with 307 samples.
[2025-12-13 21:19:16,794] INFO: loading Word2Vec object from /app/data/w2v.model
[2025-12-13 21:19:16,832] INFO: loading wv recursively from /app/data/w2v.model.wv.* with mmap=None
[2025-12-13 21:19:16,833] INFO: setting ignored attribute cum_table to None
[2025-12-13 21:19:17,233] INFO: Word2Vec lifecycle event {'fname': '/app/data/w2v.model', 'datetime': '2025-12-13T21:19:17.230660', 'gensim': '4.4.0', 'python': '3.10.14 (main, Mar 21 2024, 16:24:04) [GCC 11.2.0]', 'platform': 'Linux-6.6.87.2-microsoft-standard-WSL2-x86_64-with-glibc2.35', 'event': 'loaded'}
[2025-12-13 21:19:17,234] INFO: Word2Vec model loaded from /app/data/w2v.model with vocab size 23558 and vector size 64
[2025-12-13 21:19:24,074] INFO: LSTM model loaded from /app/data/lstm_model.pth and ready for evaluation.
[2025-12-13 21:19:24,075] INFO: Starting LSTM evaluation on test set...
[2025-12-13 21:19:24,453] INFO: LSTM Test Loss: 1.3280
[2025-12-13 21:19:24,454] INFO: LSTM Test Accuracy: 44.63%
[2025-12-13 21:19:24,454] INFO: LSTM F1-score (weighted): 0.4170
[2025-12-13 21:19:24,456] INFO: LSTM Confusion Matrix:
[[ 0  1  6  3  3]
 [ 0  5 11 11  8]
 [ 0  3 19 27 16]
 [ 0  3 18 49 36]
 [ 0  0  4 20 64]]
/opt/conda/lib/python3.10/site-packages/sklearn/metrics/_classification.py:1731: UndefinedMetricWarning: Precision is ill-defined and being set to 0.0 in labels with no predicted samples. Use `zero_division` parameter to control this behavior.
  _warn_prf(average, modifier, f"{metric.capitalize()} is", result.shape[0])
/opt/conda/lib/python3.10/site-packages/sklearn/metrics/_classification.py:1731: UndefinedMetricWarning: Precision is ill-defined and being set to 0.0 in labels with no predicted samples. Use `zero_division` parameter to control this behavior.
  _warn_prf(average, modifier, f"{metric.capitalize()} is", result.shape[0])
/opt/conda/lib/python3.10/site-packages/sklearn/metrics/_classification.py:1731: UndefinedMetricWarning: Precision is ill-defined and being set to 0.0 in labels with no predicted samples. Use `zero_division` parameter to control this behavior.
  _warn_prf(average, modifier, f"{metric.capitalize()} is", result.shape[0])
[2025-12-13 21:19:24,478] INFO: LSTM Classification Report:
              precision    recall  f1-score   support

           0       0.00      0.00      0.00        13
           1       0.42      0.14      0.21        35
           2       0.33      0.29      0.31        65
           3       0.45      0.46      0.45       106
           4       0.50      0.73      0.60        88

    accuracy                           0.45       307
   macro avg       0.34      0.32      0.31       307
weighted avg       0.42      0.45      0.42       307

[2025-12-13 21:19:24,479] INFO: Evaluating TF-IDF + Logistic Regression baseline...
[2025-12-13 21:19:24,481] INFO: Evaluating TF-IDF + Logistic Regression baseline...
[2025-12-13 21:19:24,523] INFO: Train dataset loaded: 2434 samples.
[2025-12-13 21:19:26,655] INFO: TF-IDF + Logistic Regression trained.
[2025-12-13 21:19:26,724] INFO: TF-IDF + Logistic Regression Test Accuracy: 36.81%
[2025-12-13 21:19:26,725] INFO: TF-IDF + Logistic Regression F1-score (weighted): 0.3350
[2025-12-13 21:19:26,727] INFO: TF-IDF + Logistic Regression Confusion Matrix:
[[ 0  2  4  2  5]
 [ 0  1 16 14  4]
 [ 0  4  9 33 19]
 [ 0  1 24 47 34]
 [ 0  0  8 24 56]]
/opt/conda/lib/python3.10/site-packages/sklearn/metrics/_classification.py:1731: UndefinedMetricWarning: Precision is ill-defined and being set to 0.0 in labels with no predicted samples. Use `zero_division` parameter to control this behavior.
  _warn_prf(average, modifier, f"{metric.capitalize()} is", result.shape[0])
/opt/conda/lib/python3.10/site-packages/sklearn/metrics/_classification.py:1731: UndefinedMetricWarning: Precision is ill-defined and being set to 0.0 in labels with no predicted samples. Use `zero_division` parameter to control this behavior.
  _warn_prf(average, modifier, f"{metric.capitalize()} is", result.shape[0])
/opt/conda/lib/python3.10/site-packages/sklearn/metrics/_classification.py:1731: UndefinedMetricWarning: Precision is ill-defined and being set to 0.0 in labels with no predicted samples. Use `zero_division` parameter to control this behavior.
  _warn_prf(average, modifier, f"{metric.capitalize()} is", result.shape[0])
[2025-12-13 21:19:26,744] INFO: TF-IDF Classification Report:
              precision    recall  f1-score   support

           0       0.00      0.00      0.00        13
           1       0.12      0.03      0.05        35
           2       0.15      0.14      0.14        65
           3       0.39      0.44      0.42       106
           4       0.47      0.64      0.54        88

    accuracy                           0.37       307
   macro avg       0.23      0.25      0.23       307
weighted avg       0.32      0.37      0.34       307

[2025-12-13 21:19:26,744] INFO: ==== EVALUATION END ====
=== Finished at Sat Dec 13 21:19:27 UTC 2025 ===
